{"/Users/nataliespringer/Documents/Projects/NataliesDesignSystem/components/index.ts": {"path":"/Users/nataliespringer/Documents/Projects/NataliesDesignSystem/components/index.ts","statementMap":{},"fnMap":{},"branchMap":{},"s":{},"f":{},"b":{},"_coverageSchema":"1a1c01bbd47fc00a2c39e90264f33305004495a9","hash":"78318f3719f0ed8481f8216d00f4901414eca170"}
,"/Users/nataliespringer/Documents/Projects/NataliesDesignSystem/components/Text/index.tsx": {"path":"/Users/nataliespringer/Documents/Projects/NataliesDesignSystem/components/Text/index.tsx","statementMap":{"0":{"start":{"line":7,"column":20},"end":{"line":16,"column":1}},"1":{"start":{"line":8,"column":20},"end":{"line":11,"column":3}},"2":{"start":{"line":13,"column":20},"end":{"line":13,"column":46}},"3":{"start":{"line":15,"column":1},"end":{"line":15,"column":74}}},"fnMap":{"0":{"name":"(anonymous_0)","decl":{"start":{"line":7,"column":20},"end":{"line":7,"column":21}},"loc":{"start":{"line":7,"column":63},"end":{"line":16,"column":1}},"line":7}},"branchMap":{},"s":{"0":1,"1":2,"2":2,"3":2},"f":{"0":2},"b":{},"_coverageSchema":"1a1c01bbd47fc00a2c39e90264f33305004495a9","hash":"868f5f587bae42e023e2f28f73581b188a7ce4c1"}
,"/Users/nataliespringer/Documents/Projects/NataliesDesignSystem/components/Text/styles.ts": {"path":"/Users/nataliespringer/Documents/Projects/NataliesDesignSystem/components/Text/styles.ts","statementMap":{"0":{"start":{"line":4,"column":19},"end":{"line":45,"column":3}},"1":{"start":{"line":4,"column":48},"end":{"line":45,"column":1}}},"fnMap":{"0":{"name":"(anonymous_0)","decl":{"start":{"line":4,"column":36},"end":{"line":4,"column":37}},"loc":{"start":{"line":4,"column":48},"end":{"line":45,"column":1}},"line":4}},"branchMap":{},"s":{"0":1,"1":2},"f":{"0":2},"b":{},"_coverageSchema":"1a1c01bbd47fc00a2c39e90264f33305004495a9","hash":"1992f117efe467bfa062846ba2b632e23d2b1a92"}
,"/Users/nataliespringer/Documents/Projects/NataliesDesignSystem/mocks/index.ts": {"path":"/Users/nataliespringer/Documents/Projects/NataliesDesignSystem/mocks/index.ts","statementMap":{"0":{"start":{"line":3,"column":28},"end":{"line":6,"column":1}},"1":{"start":{"line":5,"column":1},"end":{"line":5,"column":77}}},"fnMap":{"0":{"name":"(anonymous_0)","decl":{"start":{"line":3,"column":28},"end":{"line":3,"column":29}},"loc":{"start":{"line":3,"column":57},"end":{"line":6,"column":1}},"line":3}},"branchMap":{},"s":{"0":1,"1":6},"f":{"0":6},"b":{},"_coverageSchema":"1a1c01bbd47fc00a2c39e90264f33305004495a9","hash":"85ea4ef4f8f5efc626d5cafef1bfc0a6cb54040c"}
,"/Users/nataliespringer/Documents/Projects/NataliesDesignSystem/theme/index.ts": {"path":"/Users/nataliespringer/Documents/Projects/NataliesDesignSystem/theme/index.ts","statementMap":{"0":{"start":{"line":3,"column":18},"end":{"line":10,"column":1}},"1":{"start":{"line":12,"column":19},"end":{"line":19,"column":1}},"2":{"start":{"line":30,"column":0},"end":{"line":35,"column":3}}},"fnMap":{},"branchMap":{},"s":{"0":1,"1":1,"2":1},"f":{},"b":{},"_coverageSchema":"1a1c01bbd47fc00a2c39e90264f33305004495a9","hash":"50ae97f0a518285cc8ef1abdddf46f0ecb86cb43"}
}
